<?xml version="1.0" encoding="UTF-8"?>
<!-- Generated by org.testng.reporters.JUnitReportReporter -->
<testsuite hostname="AviNAsh" failures="0" tests="1" name="testCases.TC_002_LoginTest" time="1.481" errors="0" timestamp="2025-01-07T09:51:04 IST" skipped="0">
  <testcase classname="testCases.TC_002_LoginTest" name="verify_login" time="1.481"/>
</testsuite> <!-- testCases.TC_002_LoginTest -->
